0 info it worked if it ends with ok
1 verbose cli [ 'C:\\Program Files\\nodejs\\node.exe',
1 verbose cli   'C:\\Program Files\\nodejs\\node_modules\\npm\\bin\\npm-cli.js',
1 verbose cli   'run',
1 verbose cli   'build' ]
2 info using npm@3.10.10
3 info using node@v6.11.3
4 verbose run-script [ 'prebuild', 'build', 'postbuild' ]
5 info lifecycle chart@1.0.0~prebuild: chart@1.0.0
6 silly lifecycle chart@1.0.0~prebuild: no script for prebuild, continuing
7 info lifecycle chart@1.0.0~build: chart@1.0.0
8 verbose lifecycle chart@1.0.0~build: unsafe-perm in lifecycle true
9 verbose lifecycle chart@1.0.0~build: PATH: C:\Users\vladislav\AppData\Roaming\nvm\v6.11.3\node_modules\npm\bin\node-gyp-bin;E:\0000\my js\svg\node_modules\.bin;C:\Windows\system32;C:\Windows;C:\Windows\System32\Wbem;C:\Windows\System32\WindowsPowerShell\v1.0\;C:\Program Files (x86)\Intel\OpenCL SDK\2.0\bin\x86;C:\Program Files (x86)\Intel\OpenCL SDK\2.0\bin\x64;C:\Program Files (x86)\NVIDIA Corporation\PhysX\Common;E:\Git\cmd;C:\Program Files\TortoiseSVN\bin;C:\Users\vladislav\AppData\Roaming\nvm;C:\Program Files\nodejs;C:\RubyDevkit\bin;D:\ruby-git-nodejs\git-1.9.4\cmd;D:\ruby-git-nodejs\phantomjs-2.1.1;D:\ruby-git-nodejs\ruby-2.4.2-x64\bin;C:\Users\vladislav\AppData\Roaming\nvm;C:\Program Files\nodejs;C:\Users\vladislav\AppData\Roaming\npm
10 verbose lifecycle chart@1.0.0~build: CWD: E:\0000\my js\svg
11 silly lifecycle chart@1.0.0~build: Args: [ '/d /s /c', 'webpack' ]
12 silly lifecycle chart@1.0.0~build: Returned: code: 2  signal: null
13 info lifecycle chart@1.0.0~build: Failed to exec build script
14 verbose stack Error: chart@1.0.0 build: `webpack`
14 verbose stack Exit status 2
14 verbose stack     at EventEmitter.<anonymous> (C:\Users\vladislav\AppData\Roaming\nvm\v6.11.3\node_modules\npm\lib\utils\lifecycle.js:255:16)
14 verbose stack     at emitTwo (events.js:106:13)
14 verbose stack     at EventEmitter.emit (events.js:191:7)
14 verbose stack     at ChildProcess.<anonymous> (C:\Users\vladislav\AppData\Roaming\nvm\v6.11.3\node_modules\npm\lib\utils\spawn.js:40:14)
14 verbose stack     at emitTwo (events.js:106:13)
14 verbose stack     at ChildProcess.emit (events.js:191:7)
14 verbose stack     at maybeClose (internal/child_process.js:920:16)
14 verbose stack     at Process.ChildProcess._handle.onexit (internal/child_process.js:230:5)
15 verbose pkgid chart@1.0.0
16 verbose cwd E:\0000\my js\svg
17 error Windows_NT 6.1.7601
18 error argv "C:\\Program Files\\nodejs\\node.exe" "C:\\Program Files\\nodejs\\node_modules\\npm\\bin\\npm-cli.js" "run" "build"
19 error node v6.11.3
20 error npm  v3.10.10
21 error code ELIFECYCLE
22 error chart@1.0.0 build: `webpack`
22 error Exit status 2
23 error Failed at the chart@1.0.0 build script 'webpack'.
23 error Make sure you have the latest version of node.js and npm installed.
23 error If you do, this is most likely a problem with the chart package,
23 error not with npm itself.
23 error Tell the author that this fails on your system:
23 error     webpack
23 error You can get information on how to open an issue for this project with:
23 error     npm bugs chart
23 error Or if that isn't available, you can get their info via:
23 error     npm owner ls chart
23 error There is likely additional logging output above.
24 verbose exit [ 1, true ]
